
> luxe-haven@0.1.0 build
> next build

Ôû▓ Next.js 16.1.6 (Turbopack)

node.exe : ÔÜá The 
"middleware" file 
convention is 
deprecated. Please 
use "proxy" instead. 
Learn more: https://n
extjs.org/docs/messag
es/middleware-to-prox
y
Au caractère Ligne:1 
: 1
+ & "C:\Program Files
\nodejs/node.exe" 
"C:\Program 
Files\nodejs/node_mo 
...
+ ~~~~~~~~~~~~~~~~~~~
~~~~~~~~~~~~~~~~~~~~~
~~~~~~~~~~~~~~~~~~~~~
~~~~~~~~
    + CategoryInfo   
           : NotSpe  
  cified: (ÔÜá The   
  "middle...lewar    
e-to-proxy:Strin    
g) [], RemoteExc    
eption
    + FullyQualified 
   ErrorId : Native  
  CommandError
 
  Creating an optimized production build ...

> Build error 
occurred
Error: Turbopack 
build failed with 2 
errors:
./utils/supabase/clie
nt.ts:1:1
Module not found: 
Can't resolve 
'@supabase/ssr'
[0m[31m[1m>[22m[
39m[90m 1 |[39m 
[36mimport[39m { 
createBrowserClient 
} [36mfrom[39m [32
m'@supabase/ssr'[39m
 [90m   |[39m [31m
[1m^[22m[39m[31m
[1m^[22m[39m[31m[
1m^[22m[39m[31m[1
m^[22m[39m[31m[1m
^[22m[39m[31m[1m^
[22m[39m[31m[1m^
[22m[39m[31m[1m^[
22m[39m[31m[1m^[2
2m[39m[31m[1m^[22
m[39m[31m[1m^[22m
[39m[31m[1m^[22m
[39m[31m[1m^[22m[
39m[31m[1m^[22m[3
9m[31m[1m^[22m[39
m[31m[1m^[22m[39m
[31m[1m^[22m[39m
[31m[1m^[22m[39m[
31m[1m^[22m[39m[3
1m[1m^[22m[39m[31
m[1m^[22m[39m[31m
[1m^[22m[39m[31m
[1m^[22m[39m[31m[
1m^[22m[39m[31m[1
m^[22m[39m[31m[1m
^[22m[39m[31m[1m^
[22m[39m[31m[1m^
[22m[39m[31m[1m^[
22m[39m[31m[1m^[2
2m[39m[31m[1m^[22
m[39m[31m[1m^[22m
[39m[31m[1m^[22m
[39m[31m[1m^[22m[
39m[31m[1m^[22m[3
9m[31m[1m^[22m[39
m[31m[1m^[22m[39m
[31m[1m^[22m[39m
[31m[1m^[22m[39m[
31m[1m^[22m[39m[3
1m[1m^[22m[39m[31
m[1m^[22m[39m[31m
[1m^[22m[39m[31m
[1m^[22m[39m[31m[
1m^[22m[39m[31m[1
m^[22m[39m[31m[1m
^[22m[39m[31m[1m^
[22m[39m[31m[1m^
[22m[39m[31m[1m^[
22m[39m[31m[1m^[2
2m[39m
 [90m 2 |[39m
 [90m 3 |[39m 
[36mexport[39m 
[36mfunction[39m 
createClient() {
 [90m 4 |[39m   
[36mreturn[39m crea
teBrowserClient([0m



Import traces:
  Client Component 
Browser:
    ./utils/supabase/
client.ts [Client 
Component Browser]
    ./hooks/useUserRo
le.ts [Client 
Component Browser]
    ./components/Navb
ar.tsx [Client 
Component Browser]
    ./components/Navb
ar.tsx [Server 
Component]
    ./app/page.tsx 
[Server Component]

  Client Component 
SSR:
    ./utils/supabase/
client.ts [Client 
Component SSR]
    ./hooks/useUserRo
le.ts [Client 
Component SSR]
    ./components/Navb
ar.tsx [Client 
Component SSR]
    ./components/Navb
ar.tsx [Server 
Component]
    ./app/page.tsx 
[Server Component]

https://nextjs.org/do
cs/messages/module-no
t-found


./utils/supabase/midd
leware.ts:1:1
Module not found: 
Can't resolve 
'@supabase/ssr'
[0m[31m[1m>[22m[
39m[90m 1 |[39m 
[36mimport[39m { 
createServerClient } 
[36mfrom[39m [32m'
@supabase/ssr'[39m
 [90m   |[39m [31m
[1m^[22m[39m[31m
[1m^[22m[39m[31m[
1m^[22m[39m[31m[1
m^[22m[39m[31m[1m
^[22m[39m[31m[1m^
[22m[39m[31m[1m^
[22m[39m[31m[1m^[
22m[39m[31m[1m^[2
2m[39m[31m[1m^[22
m[39m[31m[1m^[22m
[39m[31m[1m^[22m
[39m[31m[1m^[22m[
39m[31m[1m^[22m[3
9m[31m[1m^[22m[39
m[31m[1m^[22m[39m
[31m[1m^[22m[39m
[31m[1m^[22m[39m[
31m[1m^[22m[39m[3
1m[1m^[22m[39m[31
m[1m^[22m[39m[31m
[1m^[22m[39m[31m
[1m^[22m[39m[31m[
1m^[22m[39m[31m[1
m^[22m[39m[31m[1m
^[22m[39m[31m[1m^
[22m[39m[31m[1m^
[22m[39m[31m[1m^[
22m[39m[31m[1m^[2
2m[39m[31m[1m^[22
m[39m[31m[1m^[22m
[39m[31m[1m^[22m
[39m[31m[1m^[22m[
39m[31m[1m^[22m[3
9m[31m[1m^[22m[39
m[31m[1m^[22m[39m
[31m[1m^[22m[39m
[31m[1m^[22m[39m[
31m[1m^[22m[39m[3
1m[1m^[22m[39m[31
m[1m^[22m[39m[31m
[1m^[22m[39m[31m
[1m^[22m[39m[31m[
1m^[22m[39m[31m[1
m^[22m[39m[31m[1m
^[22m[39m[31m[1m^
[22m[39m[31m[1m^
[22m[39m[31m[1m^[
22m[39m
 [90m 2 |[39m 
[36mimport[39m { [
33mNextResponse[39m
[33m,[39m type [33m
NextRequest[39m } 
[36mfrom[39m [32m'
next/server'[39m
 [90m 3 |[39m
 [90m 4 |[39m 
[36mexport[39m 
[36masync[39m 
[36mfunction[39m up
dateSession(request[
33m:[39m [33mNextRe
quest[39m) {[0m



Import trace:
  Edge Middleware:
    ./utils/supabase/
middleware.ts
    ./middleware.ts

https://nextjs.org/do
cs/messages/module-no
t-found


    at <unknown> (./u
tils/supabase/client.
ts:1:1)
    at <unknown> (htt
ps://nextjs.org/docs/
messages/module-not-f
ound)
    at <unknown> (./u
tils/supabase/middlew
are.ts:1:1)
    at <unknown> (htt
ps://nextjs.org/docs/
messages/module-not-f
ound)
